\BOOKMARK [0][-]{Doc-Start}{\376\377\000I\000n\000t\000r\000o\000d\000u\000c\000t\000i\000o\000n}{}% 1
\BOOKMARK [0][-]{chapter.1}{\376\377\000F\000a\000i\000r\000e\000\040\000t\000o\000u\000r\000n\000e\000r\000\040\000u\000n\000\040\000t\000e\000m\000p\000l\000a\000t\000e\000\040\000L\000a\000T\000e\000X}{}% 2
\BOOKMARK [1][-]{section.1.1}{\376\377\000I\000n\000s\000t\000a\000l\000l\000a\000t\000i\000o\000n}{chapter.1}% 3
\BOOKMARK [1][-]{section.1.2}{\376\377\000\311\000d\000i\000t\000e\000u\000r\000s}{chapter.1}% 4
\BOOKMARK [2][-]{subsection.1.2.1}{\376\377\000T\000e\000X\000S\000h\000o\000p\000\040\000\050\000M\000a\000c\000\051}{section.1.2}% 5
\BOOKMARK [2][-]{subsection.1.2.2}{\376\377\000T\000e\000X\000S\000t\000u\000d\000i\000o\000\040\000\050\000L\000i\000n\000u\000x\000\040\000/\000\040\000M\000a\000c\000\040\000/\000\040\000W\000i\000n\000d\000o\000w\000s\000\051}{section.1.2}% 6
\BOOKMARK [2][-]{subsection.1.2.3}{\376\377\000T\000e\000X\000M\000a\000k\000e\000r\000\040\000\050\000L\000i\000n\000u\000x\000\040\000/\000\040\000M\000a\000c\000\040\000/\000\040\000W\000i\000n\000d\000o\000w\000s\000\051}{section.1.2}% 7
\BOOKMARK [1][-]{section.1.3}{\376\377\000L\000e\000s\000\040\000f\000i\000c\000h\000i\000e\000r\000s\000\040\000d\000e\000\040\000c\000e\000\040\000t\000e\000m\000p\000l\000a\000t\000e}{chapter.1}% 8
\BOOKMARK [2][-]{subsection.1.3.1}{\376\377\000a\000\040\000m\000i\000n\000i\000m\000a}{section.1.3}% 9
\BOOKMARK [2][-]{subsection.1.3.2}{\376\377\000q\000u\000e\000\040\000f\000a\000i\000r\000e\000\040\000q\000u\000a\000n\000d\000\040\000\347\000a\000\040\000p\000l\000a\000n\000t\000e\000\040\000?}{section.1.3}% 10
\BOOKMARK [2][-]{subsection.1.3.3}{\376\377\000e\000t\000\040\000l\000e\000s\000\040\000a\000u\000t\000r\000e\000s\000\040\000f\000i\000c\000h\000i\000e\000r\000s\000\040\000?}{section.1.3}% 11
\BOOKMARK [0][-]{chapter.2}{\376\377\000I\000n\000t\000e\000r\000t\000e\000x\000t\000u\000a\000l\000i\000t\000\351}{}% 12
\BOOKMARK [1][-]{section.2.1}{\376\377\000N\000o\000t\000e\000s\000\040\000d\000e\000\040\000b\000a\000s\000\040\000d\000e\000\040\000p\000a\000g\000e}{chapter.2}% 13
\BOOKMARK [1][-]{section.2.2}{\376\377\000C\000i\000t\000a\000t\000i\000o\000n\000s}{chapter.2}% 14
\BOOKMARK [1][-]{section.2.3}{\376\377\000R\000\351\000f\000\351\000r\000e\000n\000c\000e\000\040\000b\000i\000b\000l\000i\000o\000g\000r\000a\000p\000h\000i\000q\000u\000e}{chapter.2}% 15
\BOOKMARK [1][-]{section.2.4}{\376\377\000R\000e\000n\000v\000o\000i\000s\000\040\000i\000n\000t\000e\000r\000n\000e\000s}{chapter.2}% 16
\BOOKMARK [1][-]{section.2.5}{\376\377\000L\000i\000e\000n\000s\000\040\000e\000x\000t\000e\000r\000n\000e\000s}{chapter.2}% 17
\BOOKMARK [1][-]{section.2.6}{\376\377\000A\000n\000n\000o\000t\000a\000t\000i\000o\000n\000s\000\040\000d\000e\000\040\000t\000r\000a\000v\000a\000i\000l}{chapter.2}% 18
\BOOKMARK [0][-]{chapter.3}{\376\377\000T\000a\000b\000l\000e\000a\000u\000x\000,\000\040\000i\000l\000l\000u\000s\000t\000r\000a\000t\000i\000o\000n\000s\000\040\000\046\000\040\000f\000i\000g\000u\000r\000e\000s}{}% 19
\BOOKMARK [1][-]{section.3.1}{\376\377\000T\000a\000b\000l\000e\000a\000u\000x}{chapter.3}% 20
\BOOKMARK [1][-]{section.3.2}{\376\377\000I\000m\000a\000g\000e\000s}{chapter.3}% 21
\BOOKMARK [0][-]{figure.3.1}{\376\377\000C\000o\000n\000c\000l\000u\000s\000i\000o\000n}{}% 22
\BOOKMARK [0][-]{figure.3.1}{\376\377\000R\000\351\000f\000\351\000r\000e\000n\000c\000e\000s}{}% 23
\BOOKMARK [0][-]{section*.1}{\376\377\000A\000n\000n\000e\000x\000e\000s}{}% 24
\BOOKMARK [1][-]{section.0.1}{\376\377\000L\000i\000s\000t\000e\000\040\000d\000e\000\040\000t\000r\000u\000c\000s\000\040\000t\000e\000c\000h\000n\000i\000q\000u\000e\000s}{section*.1}% 25
\BOOKMARK [1][-]{section.0.2}{\376\377\000S\000c\000h\000\351\000m\000a\000\040\000c\000o\000m\000p\000l\000i\000q\000u\000\351}{section*.1}% 26
\BOOKMARK [0][-]{figure.0.2.1}{\376\377\000T\000a\000b\000l\000e\000\040\000d\000e\000s\000\040\000t\000a\000b\000l\000e\000a\000u\000x}{}% 27
\BOOKMARK [0][-]{figure.0.2.1}{\376\377\000R\000\351\000s\000u\000m\000\351}{}% 28
